Tue, 04 Jul 2017 15:26:57 info_detail.py[line:29] INFO 10.18.30.30---137 items are readed in database
Tue, 04 Jul 2017 15:26:57 addfuc.py[line:15] INFO 2017-07-04 15:26:57:start_celery
Tue, 04 Jul 2017 15:28:14 info_detail.py[line:29] INFO 10.18.30.30---137 items are readed in database
Tue, 04 Jul 2017 15:28:14 addfuc.py[line:15] INFO 2017-07-04 15:28:14:start_celery
Tue, 04 Jul 2017 15:28:14 addfuc.py[line:15] INFO 2017-07-04 15:28:14:start_celery
Tue, 04 Jul 2017 15:28:14 addfuc.py[line:15] INFO 2017-07-04 15:28:14:start_celery
Tue, 04 Jul 2017 15:28:14 addfuc.py[line:15] INFO 2017-07-04 15:28:14:start_celery
Tue, 04 Jul 2017 15:28:14 addfuc.py[line:15] INFO 2017-07-04 15:28:14:start_celery
Tue, 04 Jul 2017 15:28:14 addfuc.py[line:15] INFO 2017-07-04 15:28:14:start_celery
Tue, 04 Jul 2017 15:28:14 addfuc.py[line:15] INFO 2017-07-04 15:28:14:start_celery
Tue, 04 Jul 2017 15:28:14 addfuc.py[line:15] INFO 2017-07-04 15:28:14:start_celery
Tue, 04 Jul 2017 15:28:15 addfuc.py[line:15] INFO 2017-07-04 15:28:14:start_celery
Tue, 04 Jul 2017 15:28:15 addfuc.py[line:15] INFO 2017-07-04 15:28:14:start_celery
Tue, 04 Jul 2017 15:29:13 info_detail.py[line:29] INFO 10.18.30.30---137 items are readed in database
Tue, 04 Jul 2017 15:29:14 addfuc.py[line:15] INFO 2017-07-04 15:29:14:start_celery
Tue, 04 Jul 2017 15:29:14 addfuc.py[line:15] INFO 2017-07-04 15:29:14:start_celery
Tue, 04 Jul 2017 15:29:14 addfuc.py[line:15] INFO 2017-07-04 15:29:14:start_celery
Tue, 04 Jul 2017 15:29:14 addfuc.py[line:15] INFO 2017-07-04 15:29:14:start_celery
Tue, 04 Jul 2017 15:29:14 addfuc.py[line:15] INFO 2017-07-04 15:29:14:start_celery
Tue, 04 Jul 2017 15:29:14 addfuc.py[line:15] INFO 2017-07-04 15:29:14:start_celery
Tue, 04 Jul 2017 15:29:14 addfuc.py[line:15] INFO 2017-07-04 15:29:14:start_celery
Tue, 04 Jul 2017 15:29:14 addfuc.py[line:15] INFO 2017-07-04 15:29:14:start_celery
Tue, 04 Jul 2017 15:29:14 addfuc.py[line:15] INFO 2017-07-04 15:29:14:start_celery
Tue, 04 Jul 2017 15:29:14 addfuc.py[line:15] INFO 2017-07-04 15:29:14:start_celery
Tue, 04 Jul 2017 15:34:45 info_detail.py[line:29] INFO 10.18.30.30---137 items are readed in database
Tue, 04 Jul 2017 15:34:48 addfuc.py[line:15] INFO 2017-07-04 15:34:48:start_celery
Tue, 04 Jul 2017 15:34:48 addfuc.py[line:15] INFO 2017-07-04 15:34:48:start_celery
Tue, 04 Jul 2017 15:34:48 addfuc.py[line:15] INFO 2017-07-04 15:34:48:start_celery
Tue, 04 Jul 2017 15:34:48 addfuc.py[line:15] INFO 2017-07-04 15:34:48:start_celery
Tue, 04 Jul 2017 15:34:48 addfuc.py[line:15] INFO 2017-07-04 15:34:48:start_celery
Tue, 04 Jul 2017 15:34:48 addfuc.py[line:15] INFO 2017-07-04 15:34:48:start_celery
Tue, 04 Jul 2017 15:34:48 addfuc.py[line:15] INFO 2017-07-04 15:34:48:start_celery
Tue, 04 Jul 2017 15:34:48 addfuc.py[line:15] INFO 2017-07-04 15:34:48:start_celery
Tue, 04 Jul 2017 15:34:48 addfuc.py[line:15] INFO 2017-07-04 15:34:48:start_celery
Tue, 04 Jul 2017 15:34:48 addfuc.py[line:15] INFO 2017-07-04 15:34:48:start_celery
Tue, 04 Jul 2017 15:36:05 info_detail.py[line:29] INFO 10.18.30.30---137 items are readed in database
Tue, 04 Jul 2017 15:36:08 addfuc.py[line:15] INFO 2017-07-04 15:36:08:start_celery
Tue, 04 Jul 2017 15:36:08 addfuc.py[line:15] INFO 2017-07-04 15:36:08:start_celery
Tue, 04 Jul 2017 15:36:08 addfuc.py[line:15] INFO 2017-07-04 15:36:08:start_celery
Tue, 04 Jul 2017 15:36:08 addfuc.py[line:15] INFO 2017-07-04 15:36:08:start_celery
Tue, 04 Jul 2017 15:36:08 addfuc.py[line:15] INFO 2017-07-04 15:36:08:start_celery
Tue, 04 Jul 2017 15:36:08 addfuc.py[line:15] INFO 2017-07-04 15:36:08:start_celery
Tue, 04 Jul 2017 15:36:08 addfuc.py[line:15] INFO 2017-07-04 15:36:08:start_celery
Tue, 04 Jul 2017 15:36:08 addfuc.py[line:15] INFO 2017-07-04 15:36:08:start_celery
Tue, 04 Jul 2017 15:36:08 addfuc.py[line:15] INFO 2017-07-04 15:36:08:start_celery
Tue, 04 Jul 2017 15:36:08 addfuc.py[line:15] INFO 2017-07-04 15:36:08:start_celery
Tue, 04 Jul 2017 15:45:42 info_detail.py[line:29] INFO 10.18.30.30---137 items are readed in database
Tue, 04 Jul 2017 15:45:45 addfuc.py[line:15] INFO 2017-07-04 15:45:45:start_celery
Tue, 04 Jul 2017 15:45:45 addfuc.py[line:15] INFO 2017-07-04 15:45:45:start_celery
Tue, 04 Jul 2017 15:45:45 addfuc.py[line:15] INFO 2017-07-04 15:45:45:start_celery
Tue, 04 Jul 2017 15:45:45 addfuc.py[line:15] INFO 2017-07-04 15:45:45:start_celery
Tue, 04 Jul 2017 15:45:45 addfuc.py[line:15] INFO 2017-07-04 15:45:45:start_celery
Tue, 04 Jul 2017 15:45:45 addfuc.py[line:15] INFO 2017-07-04 15:45:45:start_celery
Tue, 04 Jul 2017 15:45:45 addfuc.py[line:15] INFO 2017-07-04 15:45:45:start_celery
Tue, 04 Jul 2017 15:45:45 addfuc.py[line:15] INFO 2017-07-04 15:45:45:start_celery
Tue, 04 Jul 2017 15:45:45 addfuc.py[line:15] INFO 2017-07-04 15:45:45:start_celery
Tue, 04 Jul 2017 15:45:45 addfuc.py[line:15] INFO 2017-07-04 15:45:45:start_celery
Tue, 04 Jul 2017 15:53:39 info_detail.py[line:29] INFO 10.18.30.30---137 items are readed in database
Tue, 04 Jul 2017 15:53:42 addfuc.py[line:15] INFO 2017-07-04 15:53:42:start_celery
Tue, 04 Jul 2017 15:53:42 addfuc.py[line:15] INFO 2017-07-04 15:53:42:start_celery
Tue, 04 Jul 2017 15:53:42 addfuc.py[line:15] INFO 2017-07-04 15:53:42:start_celery
Tue, 04 Jul 2017 15:53:42 addfuc.py[line:15] INFO 2017-07-04 15:53:42:start_celery
Tue, 04 Jul 2017 15:53:42 addfuc.py[line:15] INFO 2017-07-04 15:53:42:start_celery
Tue, 04 Jul 2017 15:53:42 addfuc.py[line:15] INFO 2017-07-04 15:53:42:start_celery
Tue, 04 Jul 2017 15:53:42 addfuc.py[line:15] INFO 2017-07-04 15:53:42:start_celery
Tue, 04 Jul 2017 15:53:42 addfuc.py[line:15] INFO 2017-07-04 15:53:42:start_celery
Tue, 04 Jul 2017 15:53:42 addfuc.py[line:15] INFO 2017-07-04 15:53:42:start_celery
Tue, 04 Jul 2017 15:53:42 addfuc.py[line:15] INFO 2017-07-04 15:53:42:start_celery
Tue, 04 Jul 2017 16:15:24 info_detail.py[line:29] INFO 10.18.30.30---137 items are readed in database
Tue, 04 Jul 2017 16:15:26 addfuc.py[line:15] INFO 2017-07-04 16:15:26:start_celery
Tue, 04 Jul 2017 16:15:26 addfuc.py[line:15] INFO 2017-07-04 16:15:26:start_celery
Tue, 04 Jul 2017 16:15:26 addfuc.py[line:15] INFO 2017-07-04 16:15:26:start_celery
Tue, 04 Jul 2017 16:15:26 addfuc.py[line:15] INFO 2017-07-04 16:15:26:start_celery
Tue, 04 Jul 2017 16:15:26 addfuc.py[line:15] INFO 2017-07-04 16:15:26:start_celery
Tue, 04 Jul 2017 16:15:26 addfuc.py[line:15] INFO 2017-07-04 16:15:26:start_celery
Tue, 04 Jul 2017 16:15:26 addfuc.py[line:15] INFO 2017-07-04 16:15:26:start_celery
Tue, 04 Jul 2017 16:15:26 addfuc.py[line:15] INFO 2017-07-04 16:15:26:start_celery
Tue, 04 Jul 2017 16:15:26 addfuc.py[line:15] INFO 2017-07-04 16:15:26:start_celery
Tue, 04 Jul 2017 16:15:26 addfuc.py[line:15] INFO 2017-07-04 16:15:26:start_celery
Tue, 04 Jul 2017 16:15:47 info_detail.py[line:29] INFO 10.18.30.30---137 items are readed in database
Tue, 04 Jul 2017 16:15:50 addfuc.py[line:15] INFO 2017-07-04 16:15:50:start_celery
Tue, 04 Jul 2017 16:15:50 addfuc.py[line:15] INFO 2017-07-04 16:15:50:start_celery
Tue, 04 Jul 2017 16:15:50 addfuc.py[line:15] INFO 2017-07-04 16:15:50:start_celery
Tue, 04 Jul 2017 16:15:50 addfuc.py[line:15] INFO 2017-07-04 16:15:50:start_celery
Tue, 04 Jul 2017 16:15:50 addfuc.py[line:15] INFO 2017-07-04 16:15:50:start_celery
Tue, 04 Jul 2017 16:15:50 addfuc.py[line:15] INFO 2017-07-04 16:15:50:start_celery
Tue, 04 Jul 2017 16:15:50 addfuc.py[line:15] INFO 2017-07-04 16:15:50:start_celery
Tue, 04 Jul 2017 16:15:50 addfuc.py[line:15] INFO 2017-07-04 16:15:50:start_celery
Tue, 04 Jul 2017 16:15:50 addfuc.py[line:15] INFO 2017-07-04 16:15:50:start_celery
Tue, 04 Jul 2017 16:15:50 addfuc.py[line:15] INFO 2017-07-04 16:15:50:start_celery
Thu, 06 Jul 2017 09:20:52 info_detail.py[line:29] INFO 10.18.30.30---142 items are readed in database
Thu, 06 Jul 2017 09:20:55 addfuc.py[line:15] INFO 2017-07-06 09:20:55:start_celery
Thu, 06 Jul 2017 09:20:55 addfuc.py[line:15] INFO 2017-07-06 09:20:55:start_celery
Thu, 06 Jul 2017 09:20:55 addfuc.py[line:15] INFO 2017-07-06 09:20:55:start_celery
Thu, 06 Jul 2017 09:20:55 addfuc.py[line:15] INFO 2017-07-06 09:20:55:start_celery
Thu, 06 Jul 2017 09:20:55 addfuc.py[line:15] INFO 2017-07-06 09:20:55:start_celery
Thu, 06 Jul 2017 09:20:55 addfuc.py[line:15] INFO 2017-07-06 09:20:55:start_celery
Thu, 06 Jul 2017 09:20:55 addfuc.py[line:15] INFO 2017-07-06 09:20:55:start_celery
Thu, 06 Jul 2017 09:20:55 addfuc.py[line:15] INFO 2017-07-06 09:20:55:start_celery
Thu, 06 Jul 2017 09:20:55 addfuc.py[line:15] INFO 2017-07-06 09:20:55:start_celery
Thu, 06 Jul 2017 09:20:55 addfuc.py[line:15] INFO 2017-07-06 09:20:55:start_celery
Thu, 06 Jul 2017 09:21:13 info_detail.py[line:29] INFO 10.18.30.30---142 items are readed in database
Thu, 06 Jul 2017 09:21:20 addfuc.py[line:15] INFO 2017-07-06 09:21:20:start_celery
Thu, 06 Jul 2017 09:21:20 addfuc.py[line:15] INFO 2017-07-06 09:21:20:start_celery
Thu, 06 Jul 2017 09:21:20 addfuc.py[line:15] INFO 2017-07-06 09:21:20:start_celery
Thu, 06 Jul 2017 09:21:20 addfuc.py[line:15] INFO 2017-07-06 09:21:20:start_celery
Thu, 06 Jul 2017 09:21:20 addfuc.py[line:15] INFO 2017-07-06 09:21:20:start_celery
Thu, 06 Jul 2017 09:21:20 addfuc.py[line:15] INFO 2017-07-06 09:21:20:start_celery
Thu, 06 Jul 2017 09:21:20 addfuc.py[line:15] INFO 2017-07-06 09:21:20:start_celery
Thu, 06 Jul 2017 09:21:20 addfuc.py[line:15] INFO 2017-07-06 09:21:20:start_celery
Thu, 06 Jul 2017 09:21:20 addfuc.py[line:15] INFO 2017-07-06 09:21:20:start_celery
Thu, 06 Jul 2017 09:21:20 addfuc.py[line:15] INFO 2017-07-06 09:21:20:start_celery
Thu, 06 Jul 2017 09:22:01 info_detail.py[line:29] INFO 10.18.30.30---142 items are readed in database
Thu, 06 Jul 2017 09:22:04 addfuc.py[line:15] INFO 2017-07-06 09:22:04:start_celery
Thu, 06 Jul 2017 09:22:04 addfuc.py[line:15] INFO 2017-07-06 09:22:04:start_celery
Thu, 06 Jul 2017 09:22:04 addfuc.py[line:15] INFO 2017-07-06 09:22:04:start_celery
Thu, 06 Jul 2017 09:22:04 addfuc.py[line:15] INFO 2017-07-06 09:22:04:start_celery
Thu, 06 Jul 2017 09:22:04 addfuc.py[line:15] INFO 2017-07-06 09:22:04:start_celery
Thu, 06 Jul 2017 09:22:04 addfuc.py[line:15] INFO 2017-07-06 09:22:04:start_celery
Thu, 06 Jul 2017 09:22:04 addfuc.py[line:15] INFO 2017-07-06 09:22:04:start_celery
Thu, 06 Jul 2017 09:22:04 addfuc.py[line:15] INFO 2017-07-06 09:22:04:start_celery
Thu, 06 Jul 2017 09:22:04 addfuc.py[line:15] INFO 2017-07-06 09:22:04:start_celery
Thu, 06 Jul 2017 09:22:04 addfuc.py[line:15] INFO 2017-07-06 09:22:04:start_celery
Thu, 06 Jul 2017 09:23:16 info_detail.py[line:29] INFO 10.18.30.30---142 items are readed in database
Thu, 06 Jul 2017 09:23:19 addfuc.py[line:15] INFO 2017-07-06 09:23:19:start_celery
Thu, 06 Jul 2017 09:23:19 addfuc.py[line:15] INFO 2017-07-06 09:23:19:start_celery
Thu, 06 Jul 2017 09:23:19 addfuc.py[line:15] INFO 2017-07-06 09:23:19:start_celery
Thu, 06 Jul 2017 09:23:19 addfuc.py[line:15] INFO 2017-07-06 09:23:19:start_celery
Thu, 06 Jul 2017 09:23:19 addfuc.py[line:15] INFO 2017-07-06 09:23:19:start_celery
Thu, 06 Jul 2017 09:23:19 addfuc.py[line:15] INFO 2017-07-06 09:23:19:start_celery
Thu, 06 Jul 2017 09:23:19 addfuc.py[line:15] INFO 2017-07-06 09:23:19:start_celery
Thu, 06 Jul 2017 09:23:19 addfuc.py[line:15] INFO 2017-07-06 09:23:19:start_celery
Thu, 06 Jul 2017 09:23:19 addfuc.py[line:15] INFO 2017-07-06 09:23:19:start_celery
Thu, 06 Jul 2017 09:23:19 addfuc.py[line:15] INFO 2017-07-06 09:23:19:start_celery
Thu, 06 Jul 2017 09:31:12 info_detail.py[line:29] INFO 10.18.30.30---142 items are readed in database
Thu, 06 Jul 2017 09:31:15 addfuc.py[line:15] INFO 2017-07-06 09:31:15:start_celery
Thu, 06 Jul 2017 09:31:15 addfuc.py[line:15] INFO 2017-07-06 09:31:15:start_celery
Thu, 06 Jul 2017 09:31:15 addfuc.py[line:15] INFO 2017-07-06 09:31:15:start_celery
Thu, 06 Jul 2017 09:31:15 addfuc.py[line:15] INFO 2017-07-06 09:31:15:start_celery
Thu, 06 Jul 2017 09:31:15 addfuc.py[line:15] INFO 2017-07-06 09:31:15:start_celery
Thu, 06 Jul 2017 09:31:15 addfuc.py[line:15] INFO 2017-07-06 09:31:15:start_celery
Thu, 06 Jul 2017 09:31:15 addfuc.py[line:15] INFO 2017-07-06 09:31:15:start_celery
Thu, 06 Jul 2017 09:31:15 addfuc.py[line:15] INFO 2017-07-06 09:31:15:start_celery
Thu, 06 Jul 2017 09:31:15 addfuc.py[line:15] INFO 2017-07-06 09:31:15:start_celery
Thu, 06 Jul 2017 09:31:15 addfuc.py[line:15] INFO 2017-07-06 09:31:15:start_celery
Thu, 06 Jul 2017 09:31:57 info_detail.py[line:29] INFO 10.18.30.30---142 items are readed in database
Thu, 06 Jul 2017 09:32:01 addfuc.py[line:15] INFO 2017-07-06 09:32:01:start_celery
Thu, 06 Jul 2017 09:32:01 addfuc.py[line:15] INFO 2017-07-06 09:32:01:start_celery
Thu, 06 Jul 2017 09:32:01 addfuc.py[line:15] INFO 2017-07-06 09:32:01:start_celery
Thu, 06 Jul 2017 09:32:01 addfuc.py[line:15] INFO 2017-07-06 09:32:01:start_celery
Thu, 06 Jul 2017 09:32:01 addfuc.py[line:15] INFO 2017-07-06 09:32:01:start_celery
Thu, 06 Jul 2017 09:32:01 addfuc.py[line:15] INFO 2017-07-06 09:32:01:start_celery
Thu, 06 Jul 2017 09:32:01 addfuc.py[line:15] INFO 2017-07-06 09:32:01:start_celery
Thu, 06 Jul 2017 09:32:01 addfuc.py[line:15] INFO 2017-07-06 09:32:01:start_celery
Thu, 06 Jul 2017 09:32:01 addfuc.py[line:15] INFO 2017-07-06 09:32:01:start_celery
Thu, 06 Jul 2017 09:32:01 addfuc.py[line:15] INFO 2017-07-06 09:32:01:start_celery
Thu, 06 Jul 2017 09:34:43 info_detail.py[line:29] INFO 10.18.30.30---142 items are readed in database
Thu, 06 Jul 2017 09:34:47 addfuc.py[line:15] INFO 2017-07-06 09:34:47:start_celery
Thu, 06 Jul 2017 09:34:47 addfuc.py[line:15] INFO 2017-07-06 09:34:47:start_celery
Thu, 06 Jul 2017 09:34:47 addfuc.py[line:15] INFO 2017-07-06 09:34:47:start_celery
Thu, 06 Jul 2017 09:34:47 addfuc.py[line:15] INFO 2017-07-06 09:34:47:start_celery
Thu, 06 Jul 2017 09:34:47 addfuc.py[line:15] INFO 2017-07-06 09:34:47:start_celery
Thu, 06 Jul 2017 09:34:47 addfuc.py[line:15] INFO 2017-07-06 09:34:47:start_celery
Thu, 06 Jul 2017 09:34:47 addfuc.py[line:15] INFO 2017-07-06 09:34:47:start_celery
Thu, 06 Jul 2017 09:34:47 addfuc.py[line:15] INFO 2017-07-06 09:34:47:start_celery
Thu, 06 Jul 2017 09:34:47 addfuc.py[line:15] INFO 2017-07-06 09:34:47:start_celery
Thu, 06 Jul 2017 09:34:47 addfuc.py[line:15] INFO 2017-07-06 09:34:47:start_celery
Fri, 07 Jul 2017 13:56:21 info_detail.py[line:29] INFO 10.18.30.30---142 items are readed in database
Fri, 07 Jul 2017 13:56:24 addfuc.py[line:15] INFO 2017-07-07 13:56:24:start_celery
Fri, 07 Jul 2017 13:56:24 addfuc.py[line:15] INFO 2017-07-07 13:56:24:start_celery
Fri, 07 Jul 2017 13:56:24 addfuc.py[line:15] INFO 2017-07-07 13:56:24:start_celery
Fri, 07 Jul 2017 13:56:24 addfuc.py[line:15] INFO 2017-07-07 13:56:24:start_celery
Fri, 07 Jul 2017 13:56:24 addfuc.py[line:15] INFO 2017-07-07 13:56:24:start_celery
Fri, 07 Jul 2017 13:56:24 addfuc.py[line:15] INFO 2017-07-07 13:56:24:start_celery
Fri, 07 Jul 2017 13:56:24 addfuc.py[line:15] INFO 2017-07-07 13:56:24:start_celery
Fri, 07 Jul 2017 13:56:24 addfuc.py[line:15] INFO 2017-07-07 13:56:24:start_celery
Fri, 07 Jul 2017 13:56:24 addfuc.py[line:15] INFO 2017-07-07 13:56:24:start_celery
Fri, 07 Jul 2017 13:56:24 addfuc.py[line:15] INFO 2017-07-07 13:56:24:start_celery
Fri, 07 Jul 2017 13:57:14 info_detail.py[line:29] INFO 10.18.30.30---142 items are readed in database
Fri, 07 Jul 2017 13:57:17 addfuc.py[line:15] INFO 2017-07-07 13:57:17:start_celery
Fri, 07 Jul 2017 13:57:17 addfuc.py[line:15] INFO 2017-07-07 13:57:17:start_celery
Fri, 07 Jul 2017 13:57:17 addfuc.py[line:15] INFO 2017-07-07 13:57:17:start_celery
Fri, 07 Jul 2017 13:57:17 addfuc.py[line:15] INFO 2017-07-07 13:57:17:start_celery
Fri, 07 Jul 2017 13:57:17 addfuc.py[line:15] INFO 2017-07-07 13:57:17:start_celery
Fri, 07 Jul 2017 13:57:17 addfuc.py[line:15] INFO 2017-07-07 13:57:17:start_celery
Fri, 07 Jul 2017 13:57:17 addfuc.py[line:15] INFO 2017-07-07 13:57:17:start_celery
Fri, 07 Jul 2017 13:57:17 addfuc.py[line:15] INFO 2017-07-07 13:57:17:start_celery
Fri, 07 Jul 2017 13:57:17 addfuc.py[line:15] INFO 2017-07-07 13:57:17:start_celery
Fri, 07 Jul 2017 13:57:17 addfuc.py[line:15] INFO 2017-07-07 13:57:17:start_celery
Fri, 07 Jul 2017 13:59:07 info_detail.py[line:29] INFO 10.18.30.30---142 items are readed in database
Fri, 07 Jul 2017 13:59:26 addfuc.py[line:15] INFO 2017-07-07 13:59:26:start_celery
Fri, 07 Jul 2017 13:59:26 addfuc.py[line:15] INFO 2017-07-07 13:59:26:start_celery
Fri, 07 Jul 2017 13:59:26 addfuc.py[line:15] INFO 2017-07-07 13:59:26:start_celery
Fri, 07 Jul 2017 13:59:26 addfuc.py[line:15] INFO 2017-07-07 13:59:26:start_celery
Fri, 07 Jul 2017 13:59:26 addfuc.py[line:15] INFO 2017-07-07 13:59:26:start_celery
Fri, 07 Jul 2017 13:59:26 addfuc.py[line:15] INFO 2017-07-07 13:59:26:start_celery
Fri, 07 Jul 2017 13:59:26 addfuc.py[line:15] INFO 2017-07-07 13:59:26:start_celery
Fri, 07 Jul 2017 13:59:26 addfuc.py[line:15] INFO 2017-07-07 13:59:26:start_celery
Fri, 07 Jul 2017 13:59:26 addfuc.py[line:15] INFO 2017-07-07 13:59:26:start_celery
Fri, 07 Jul 2017 13:59:26 addfuc.py[line:15] INFO 2017-07-07 13:59:26:start_celery
Tue, 11 Jul 2017 15:39:53 info_detail.py[line:29] INFO 10.18.30.30---142 items are readed in database
Tue, 11 Jul 2017 15:39:53 addfuc.py[line:15] INFO 2017-07-11 15:39:53:start_celery
Tue, 11 Jul 2017 15:39:53 addfuc.py[line:15] INFO 2017-07-11 15:39:53:start_celery
Tue, 11 Jul 2017 15:39:53 addfuc.py[line:15] INFO 2017-07-11 15:39:53:start_celery
Tue, 11 Jul 2017 15:39:53 addfuc.py[line:15] INFO 2017-07-11 15:39:53:start_celery
Tue, 11 Jul 2017 15:39:53 addfuc.py[line:15] INFO 2017-07-11 15:39:53:start_celery
Tue, 11 Jul 2017 15:39:53 addfuc.py[line:15] INFO 2017-07-11 15:39:53:start_celery
Tue, 11 Jul 2017 15:39:53 addfuc.py[line:15] INFO 2017-07-11 15:39:53:start_celery
Tue, 11 Jul 2017 15:39:53 addfuc.py[line:15] INFO 2017-07-11 15:39:53:start_celery
Tue, 11 Jul 2017 15:39:53 addfuc.py[line:15] INFO 2017-07-11 15:39:53:start_celery
Tue, 11 Jul 2017 15:39:53 addfuc.py[line:15] INFO 2017-07-11 15:39:53:start_celery
